<?xml version="1.0" encoding="UTF-8"?>
<testng-results ignored="0" total="4" passed="4" failed="0" skipped="0">
  <reporter-output>
  </reporter-output>
  <suite started-at="2024-01-19T00:53:05 IST" name="Command line suite" finished-at="2024-01-19T00:53:05 IST" duration-ms="45">
    <groups>
    </groups>
    <test started-at="2024-01-19T00:53:05 IST" name="Command line test" finished-at="2024-01-19T00:53:05 IST" duration-ms="45">
      <class name="testNG.TestNGAnnotation01">
        <test-method signature="test()[pri:0, instance:testNG.TestNGAnnotation01@77846d2c]" started-at="2024-01-19T00:53:05 IST" name="test" finished-at="2024-01-19T00:53:05 IST" duration-ms="0" status="PASS">
          <reporter-output>
          </reporter-output>
        </test-method> <!-- test -->
      </class> <!-- testNG.TestNGAnnotation01 -->
      <class name="testNG.DependsOnTest">
        <test-method signature="oLevel()[pri:0, instance:testNG.DependsOnTest@4cf4d528]" started-at="2024-01-19T00:53:05 IST" name="oLevel" finished-at="2024-01-19T00:53:05 IST" duration-ms="5" status="PASS">
          <reporter-output>
          </reporter-output>
        </test-method> <!-- oLevel -->
        <test-method signature="aLevel()[pri:0, instance:testNG.DependsOnTest@4cf4d528]" started-at="2024-01-19T00:53:05 IST" name="aLevel" finished-at="2024-01-19T00:53:05 IST" depends-on-methods="testNG.DependsOnTest.oLevel" duration-ms="1" status="PASS">
          <reporter-output>
          </reporter-output>
        </test-method> <!-- aLevel -->
        <test-method signature="campus()[pri:0, instance:testNG.DependsOnTest@4cf4d528]" started-at="2024-01-19T00:53:05 IST" name="campus" finished-at="2024-01-19T00:53:05 IST" depends-on-methods="testNG.DependsOnTest.aLevel, testNG.DependsOnTest.oLevel" duration-ms="1" status="PASS">
          <reporter-output>
          </reporter-output>
        </test-method> <!-- campus -->
      </class> <!-- testNG.DependsOnTest -->
    </test> <!-- Command line test -->
  </suite> <!-- Command line suite -->
</testng-results>
