<?xml version="1.0" encoding="UTF-8"?>
<!-- Generated by org.testng.reporters.JUnitXMLReporter -->
<testsuite ignored="0" hostname="LKCONHHASHMI01" failures="0" tests="4" name="Command line test" time="0.045" errors="0" timestamp="2024-01-19T00:53:05 IST">
  <testcase classname="testNG.DependsOnTest" name="oLevel" time="0.005"/>
  <testcase classname="testNG.DependsOnTest" name="aLevel" time="0.001"/>
  <testcase classname="testNG.DependsOnTest" name="campus" time="0.001"/>
  <testcase classname="testNG.TestNGAnnotation01" name="test" time="0.0"/>
</testsuite> <!-- Command line test -->
